# Logfile created on Sun Oct 18 16:20:34 +0800 2009  [4;36;1mSQL (0.0ms)[0m   [0;1mSET NAMES 'utf8'[0m
  [4;35;1mSQL (0.0ms)[0m   [0mSET SQL_AUTO_IS_NULL=0[0m
  [4;36;1mSQL (0.0ms)[0m   [0;1mSHOW TABLES[0m
  [4;35;1mSQL (0.0ms)[0m   [0mSELECT version FROM schema_migrations[0m
  [4;36;1mSQL (0.0ms)[0m   [0;1mSHOW TABLES[0m
  [4;35;1mSQL (0.0ms)[0m   [0mSELECT version FROM schema_migrations[0m
Migrating to CreatePreferences (20091016134230)
  [4;36;1mSQL (0.0ms)[0m   [0;1mDROP TABLE `preferences`[0m
  [4;35;1mSQL (0.0ms)[0m   [0mDELETE FROM schema_migrations WHERE version = '20091016134230'[0m
Migrating to CreateWarehouseListItems (20091012121805)
  [4;36;1mSQL (0.0ms)[0m   [0;1mDROP TABLE `warehouse_list_items`[0m
  [4;35;1mSQL (0.0ms)[0m   [0mDELETE FROM schema_migrations WHERE version = '20091012121805'[0m
Migrating to CreateActivities (20091011151925)
  [4;36;1mSQL (0.0ms)[0m   [0;1mDROP TABLE `activities`[0m
  [4;35;1mSQL (0.0ms)[0m   [0mDELETE FROM schema_migrations WHERE version = '20091011151925'[0m
Migrating to CreateWarehouseLists (20091011150435)
  [4;36;1mSQL (0.0ms)[0m   [0;1mDROP TABLE `warehouse_lists`[0m
  [4;35;1mSQL (0.0ms)[0m   [0mDELETE FROM schema_migrations WHERE version = '20091011150435'[0m
Migrating to CreateWasteBooks (20091011114534)
  [4;36;1mSQL (0.0ms)[0m   [0;1mDROP TABLE `waste_books`[0m
  [4;35;1mSQL (0.0ms)[0m   [0mDELETE FROM schema_migrations WHERE version = '20091011114534'[0m
Migrating to CreateProducts (20091011092012)
  [4;36;1mSQL (15.0ms)[0m   [0;1mDROP TABLE `products`[0m
  [4;35;1mSQL (0.0ms)[0m   [0mDELETE FROM schema_migrations WHERE version = '20091011092012'[0m
Migrating to CreateCustomers (20091010144249)
  [4;36;1mSQL (0.0ms)[0m   [0;1mDROP TABLE `customers`[0m
  [4;35;1mSQL (0.0ms)[0m   [0mDELETE FROM schema_migrations WHERE version = '20091010144249'[0m
Migrating to CreateSettings (20091010100603)
  [4;36;1mSQL (0.0ms)[0m   [0;1mDROP TABLE `settings`[0m
  [4;35;1mSQL (0.0ms)[0m   [0mDELETE FROM schema_migrations WHERE version = '20091010100603'[0m
Migrating to CreateSessions (20081106072031)
  [4;36;1mSQL (15.0ms)[0m   [0;1mDROP TABLE `sessions`[0m
  [4;35;1mSQL (0.0ms)[0m   [0mDELETE FROM schema_migrations WHERE version = '20081106072031'[0m
Migrating to CreateUsers (20081103171327)
  [4;36;1mSQL (0.0ms)[0m   [0;1mDROP TABLE `users`[0m
  [4;35;1mSQL (0.0ms)[0m   [0mDELETE FROM schema_migrations WHERE version = '20081103171327'[0m
  [4;36;1mSQL (0.0ms)[0m   [0;1mSHOW TABLES[0m
  [4;35;1mSQL (0.0ms)[0m   [0mSELECT version FROM schema_migrations[0m
  [4;36;1mSQL (0.0ms)[0m   [0;1mSHOW TABLES[0m
  [4;36;1mSQL (0.0ms)[0m   [0;1mSET NAMES 'utf8'[0m
  [4;35;1mSQL (0.0ms)[0m   [0mSET SQL_AUTO_IS_NULL=0[0m
  [4;36;1mSQL (16.0ms)[0m   [0;1mSHOW TABLES[0m
  [4;35;1mSQL (0.0ms)[0m   [0mSELECT version FROM schema_migrations[0m
Migrating to CreateUsers (20081103171327)
  [4;36;1mSQL (31.0ms)[0m   [0;1mCREATE TABLE `users` (`id` int(11) DEFAULT NULL auto_increment PRIMARY KEY, `name` varchar(32), `title` varchar(64), `alt_email` varchar(64), `phone` varchar(32), `mobile` varchar(32), `admin` tinyint(1) DEFAULT 0 NOT NULL, `suspended_at` datetime, `login` varchar(255) NOT NULL, `email` varchar(64) DEFAULT '' NOT NULL, `crypted_password` varchar(255) NOT NULL, `password_salt` varchar(255) NOT NULL, `persistence_token` varchar(255) NOT NULL, `login_count` int(11) DEFAULT 0 NOT NULL, `perishable_token` varchar(255) DEFAULT '' NOT NULL, `last_request_at` datetime, `last_login_at` datetime, `current_login_at` datetime, `last_login_ip` varchar(255), `current_login_ip` varchar(255), `deleted_at` datetime, `created_at` datetime, `updated_at` datetime) ENGINE=InnoDB[0m
  [4;35;1mSQL (16.0ms)[0m   [0mCREATE INDEX `index_users_on_login` ON `users` (`login`)[0m
  [4;36;1mSQL (62.0ms)[0m   [0;1mCREATE INDEX `index_users_on_persistence_token` ON `users` (`persistence_token`)[0m
  [4;35;1mSQL (31.0ms)[0m   [0mCREATE INDEX `index_users_on_last_request_at` ON `users` (`last_request_at`)[0m
  [4;36;1mSQL (16.0ms)[0m   [0;1mCREATE INDEX `index_users_on_perishable_token` ON `users` (`perishable_token`)[0m
  [4;35;1mSQL (16.0ms)[0m   [0mCREATE INDEX `index_users_on_email` ON `users` (`email`)[0m
  [4;36;1mSQL (0.0ms)[0m   [0;1mINSERT INTO schema_migrations (version) VALUES ('20081103171327')[0m
Migrating to CreateSessions (20081106072031)
  [4;35;1mSQL (0.0ms)[0m   [0mCREATE TABLE `sessions` (`id` int(11) DEFAULT NULL auto_increment PRIMARY KEY, `session_id` varchar(255) NOT NULL, `data` text, `created_at` datetime, `updated_at` datetime) ENGINE=InnoDB[0m
  [4;36;1mSQL (62.0ms)[0m   [0;1mCREATE INDEX `index_sessions_on_session_id` ON `sessions` (`session_id`)[0m
  [4;35;1mSQL (78.0ms)[0m   [0mCREATE INDEX `index_sessions_on_updated_at` ON `sessions` (`updated_at`)[0m
  [4;36;1mSQL (0.0ms)[0m   [0;1mINSERT INTO schema_migrations (version) VALUES ('20081106072031')[0m
Migrating to CreateSettings (20091010100603)
  [4;35;1mSQL (0.0ms)[0m   [0mSHOW TABLES[0m
  [4;36;1mSQL (16.0ms)[0m   [0;1mCREATE TABLE `settings` (`id` int(11) DEFAULT NULL auto_increment PRIMARY KEY, `name` varchar(32) DEFAULT '' NOT NULL, `value` text, `default_value` text, `created_at` datetime, `updated_at` datetime) ENGINE=InnoDB[0m
  [4;35;1mSQL (15.0ms)[0m   [0mCREATE INDEX `index_settings_on_name` ON `settings` (`name`)[0m
  [4;36;1mSQL (0.0ms)[0m   [0;1mINSERT INTO schema_migrations (version) VALUES ('20091010100603')[0m
Migrating to CreateCustomers (20091010144249)
  [4;35;1mSQL (16.0ms)[0m   [0mCREATE TABLE `customers` (`id` int(11) DEFAULT NULL auto_increment PRIMARY KEY, `name` varchar(255), `c_type` varchar(255), `created_at` datetime, `updated_at` datetime) ENGINE=InnoDB[0m
  [4;36;1mSQL (0.0ms)[0m   [0;1mINSERT INTO schema_migrations (version) VALUES ('20091010144249')[0m
Migrating to CreateProducts (20091011092012)
  [4;35;1mSQL (16.0ms)[0m   [0mCREATE TABLE `products` (`id` int(11) DEFAULT NULL auto_increment PRIMARY KEY, `name` varchar(255), `spec` varchar(255), `unit` varchar(255), `unit_price` decimal(8,2), `created_at` datetime, `updated_at` datetime) ENGINE=InnoDB[0m
  [4;36;1mSQL (0.0ms)[0m   [0;1mINSERT INTO schema_migrations (version) VALUES ('20091011092012')[0m
Migrating to CreateWasteBooks (20091011114534)
  [4;35;1mSQL (0.0ms)[0m   [0mCREATE TABLE `waste_books` (`id` int(11) DEFAULT NULL auto_increment PRIMARY KEY, `customer_id` int(11), `happen_time` datetime, `w_type` varchar(255), `money` decimal(18,2) NOT NULL, `name` varchar(255), `description` text, `created_at` datetime, `updated_at` datetime) ENGINE=InnoDB[0m
  [4;36;1mSQL (15.0ms)[0m   [0;1mINSERT INTO schema_migrations (version) VALUES ('20091011114534')[0m
Migrating to CreateWarehouseLists (20091011150435)
  [4;35;1mSQL (0.0ms)[0m   [0mCREATE TABLE `warehouse_lists` (`id` int(11) DEFAULT NULL auto_increment PRIMARY KEY, `w_type` varchar(255), `customer_id` int(11), `number` varchar(255), `happen_time` datetime, `total` decimal(18,2) NOT NULL, `description` text, `created_at` datetime, `updated_at` datetime) ENGINE=InnoDB[0m
  [4;36;1mSQL (0.0ms)[0m   [0;1mINSERT INTO schema_migrations (version) VALUES ('20091011150435')[0m
Migrating to CreateActivities (20091011151925)
  [4;35;1mSQL (0.0ms)[0m   [0mSHOW TABLES[0m
  [4;36;1mSQL (0.0ms)[0m   [0;1mCREATE TABLE `activities` (`id` int(11) DEFAULT NULL auto_increment PRIMARY KEY, `user_id` int(11), `subject_id` int(11), `subject_type` varchar(255), `action` varchar(32) DEFAULT 'created', `info` varchar(255) DEFAULT '', `private` tinyint(1) DEFAULT 0, `created_at` datetime, `updated_at` datetime) ENGINE=InnoDB[0m
  [4;35;1mSQL (0.0ms)[0m   [0mCREATE INDEX `index_activities_on_user_id` ON `activities` (`user_id`)[0m
  [4;36;1mSQL (110.0ms)[0m   [0;1mCREATE INDEX `index_activities_on_created_at` ON `activities` (`created_at`)[0m
  [4;35;1mSQL (0.0ms)[0m   [0mINSERT INTO schema_migrations (version) VALUES ('20091011151925')[0m
Migrating to CreateWarehouseListItems (20091012121805)
  [4;36;1mSQL (46.0ms)[0m   [0;1mCREATE TABLE `warehouse_list_items` (`id` int(11) DEFAULT NULL auto_increment PRIMARY KEY, `warehouse_list_id` int(11), `product_id` int(11), `amount` decimal(18,2) NOT NULL, `unit_price` decimal(18,2) NOT NULL, `total` decimal(18,2) NOT NULL, `description` text, `created_at` datetime, `updated_at` datetime) ENGINE=InnoDB[0m
  [4;35;1mSQL (16.0ms)[0m   [0mINSERT INTO schema_migrations (version) VALUES ('20091012121805')[0m
Migrating to CreatePreferences (20091016134230)
  [4;36;1mSQL (16.0ms)[0m   [0;1mCREATE TABLE `preferences` (`id` int(11) DEFAULT NULL auto_increment PRIMARY KEY, `user_id` int(11), `name` varchar(32) DEFAULT '' NOT NULL, `value` text, `created_at` datetime, `updated_at` datetime) ENGINE=InnoDB[0m
  [4;35;1mSQL (15.0ms)[0m   [0mCREATE INDEX `index_preferences_on_user_id_and_name` ON `preferences` (`user_id`, `name`)[0m
  [4;36;1mSQL (0.0ms)[0m   [0;1mINSERT INTO schema_migrations (version) VALUES ('20091016134230')[0m
  [4;35;1mSQL (0.0ms)[0m   [0mSHOW TABLES[0m
  [4;36;1mSQL (0.0ms)[0m   [0;1mSELECT version FROM schema_migrations[0m
  [4;35;1mSQL (0.0ms)[0m   [0mSHOW TABLES[0m
  [4;36;1mSQL (0.0ms)[0m   [0;1mSHOW FIELDS FROM `activities`[0m
  [4;35;1mSQL (0.0ms)[0m   [0mdescribe `activities`[0m
  [4;36;1mSQL (0.0ms)[0m   [0;1mSHOW KEYS FROM `activities`[0m
  [4;35;1mSQL (0.0ms)[0m   [0mSHOW FIELDS FROM `customers`[0m
  [4;36;1mSQL (0.0ms)[0m   [0;1mdescribe `customers`[0m
  [4;35;1mSQL (0.0ms)[0m   [0mSHOW KEYS FROM `customers`[0m
  [4;36;1mSQL (0.0ms)[0m   [0;1mSHOW FIELDS FROM `preferences`[0m
  [4;35;1mSQL (0.0ms)[0m   [0mdescribe `preferences`[0m
  [4;36;1mSQL (0.0ms)[0m   [0;1mSHOW KEYS FROM `preferences`[0m
  [4;35;1mSQL (0.0ms)[0m   [0mSHOW FIELDS FROM `products`[0m
  [4;36;1mSQL (0.0ms)[0m   [0;1mdescribe `products`[0m
  [4;35;1mSQL (0.0ms)[0m   [0mSHOW KEYS FROM `products`[0m
  [4;36;1mSQL (0.0ms)[0m   [0;1mSHOW FIELDS FROM `sessions`[0m
  [4;35;1mSQL (0.0ms)[0m   [0mdescribe `sessions`[0m
  [4;36;1mSQL (0.0ms)[0m   [0;1mSHOW KEYS FROM `sessions`[0m
  [4;35;1mSQL (0.0ms)[0m   [0mSHOW FIELDS FROM `settings`[0m
  [4;36;1mSQL (0.0ms)[0m   [0;1mdescribe `settings`[0m
  [4;35;1mSQL (0.0ms)[0m   [0mSHOW KEYS FROM `settings`[0m
  [4;36;1mSQL (0.0ms)[0m   [0;1mSHOW FIELDS FROM `users`[0m
  [4;35;1mSQL (15.0ms)[0m   [0mdescribe `users`[0m
  [4;36;1mSQL (0.0ms)[0m   [0;1mSHOW KEYS FROM `users`[0m
  [4;35;1mSQL (0.0ms)[0m   [0mSHOW FIELDS FROM `warehouse_list_items`[0m
  [4;36;1mSQL (0.0ms)[0m   [0;1mdescribe `warehouse_list_items`[0m
  [4;35;1mSQL (0.0ms)[0m   [0mSHOW KEYS FROM `warehouse_list_items`[0m
  [4;36;1mSQL (0.0ms)[0m   [0;1mSHOW FIELDS FROM `warehouse_lists`[0m
  [4;35;1mSQL (0.0ms)[0m   [0mdescribe `warehouse_lists`[0m
  [4;36;1mSQL (0.0ms)[0m   [0;1mSHOW KEYS FROM `warehouse_lists`[0m
  [4;35;1mSQL (16.0ms)[0m   [0mSHOW FIELDS FROM `waste_books`[0m
  [4;36;1mSQL (0.0ms)[0m   [0;1mdescribe `waste_books`[0m
  [4;35;1mSQL (0.0ms)[0m   [0mSHOW KEYS FROM `waste_books`[0m
